<?xml version="1.0" encoding="UTF-8"?>
<!-- Generated by org.testng.reporters.JUnitReportReporter -->
<testsuite hostname="LAPTOP-CTDUKSGB" failures="0" tests="1" name="files.InterviewQuestion" time="21.202" errors="0" timestamp="2021-03-02T12:40:57 IST" skipped="0">
  <testcase classname="files.InterviewQuestion" name="loginExample" time="21.202"/>
  <system-out/>
</testsuite> <!-- files.InterviewQuestion -->
