<?xml version="1.0" encoding="UTF-8"?>
<!-- Generated by org.testng.reporters.JUnitReportReporter -->
<testsuite hostname="LAPTOP-CTDUKSGB" failures="0" tests="1" name="files.LoginPage" time="9.198" errors="0" timestamp="2021-03-02T10:49:55 IST" skipped="0">
  <testcase classname="files.LoginPage" name="loginExample" time="9.198"/>
  <system-out/>
</testsuite> <!-- files.LoginPage -->
